Determining if the pthread_create exist failed with the following output:
Change Dir: /mnt/d/Projects/study/C++/NSU/task2/CMakeFiles/CMakeTmp

Run Build Command:"/usr/bin/make" "cmTC_75036/fast"
/usr/bin/make -f CMakeFiles/cmTC_75036.dir/build.make CMakeFiles/cmTC_75036.dir/build
make[1]: Entering directory '/mnt/d/Projects/study/C++/NSU/task2/CMakeFiles/CMakeTmp'
Building C object CMakeFiles/cmTC_75036.dir/CheckSymbolExists.c.o
/usr/bin/cc    -o CMakeFiles/cmTC_75036.dir/CheckSymbolExists.c.o   -c /mnt/d/Projects/study/C++/NSU/task2/CMakeFiles/CMakeTmp/CheckSymbolExists.c
Linking C executable cmTC_75036
/usr/bin/cmake -E cmake_link_script CMakeFiles/cmTC_75036.dir/link.txt --verbose=1
/usr/bin/cc      CMakeFiles/cmTC_75036.dir/CheckSymbolExists.c.o  -o cmTC_75036 
CMakeFiles/cmTC_75036.dir/CheckSymbolExists.c.o: In function `main':
CheckSymbolExists.c:(.text+0x1b): undefined reference to `pthread_create'
collect2: error: ld returned 1 exit status
CMakeFiles/cmTC_75036.dir/build.make:97: recipe for target 'cmTC_75036' failed
make[1]: *** [cmTC_75036] Error 1
make[1]: Leaving directory '/mnt/d/Projects/study/C++/NSU/task2/CMakeFiles/CMakeTmp'
Makefile:126: recipe for target 'cmTC_75036/fast' failed
make: *** [cmTC_75036/fast] Error 2

File /mnt/d/Projects/study/C++/NSU/task2/CMakeFiles/CMakeTmp/CheckSymbolExists.c:
/* */
#include <pthread.h>

int main(int argc, char** argv)
{
  (void)argv;
#ifndef pthread_create
  return ((int*)(&pthread_create))[argc];
#else
  (void)argc;
  return 0;
#endif
}

Determining if the function pthread_create exists in the pthreads failed with the following output:
Change Dir: /mnt/d/Projects/study/C++/NSU/task2/CMakeFiles/CMakeTmp

Run Build Command:"/usr/bin/make" "cmTC_99b76/fast"
/usr/bin/make -f CMakeFiles/cmTC_99b76.dir/build.make CMakeFiles/cmTC_99b76.dir/build
make[1]: Entering directory '/mnt/d/Projects/study/C++/NSU/task2/CMakeFiles/CMakeTmp'
Building C object CMakeFiles/cmTC_99b76.dir/CheckFunctionExists.c.o
/usr/bin/cc   -DCHECK_FUNCTION_EXISTS=pthread_create   -o CMakeFiles/cmTC_99b76.dir/CheckFunctionExists.c.o   -c /usr/share/cmake-3.10/Modules/CheckFunctionExists.c
Linking C executable cmTC_99b76
/usr/bin/cmake -E cmake_link_script CMakeFiles/cmTC_99b76.dir/link.txt --verbose=1
/usr/bin/cc  -DCHECK_FUNCTION_EXISTS=pthread_create    CMakeFiles/cmTC_99b76.dir/CheckFunctionExists.c.o  -o cmTC_99b76 -lpthreads 
/usr/bin/ld: cannot find -lpthreads
collect2: error: ld returned 1 exit status
CMakeFiles/cmTC_99b76.dir/build.make:97: recipe for target 'cmTC_99b76' failed
make[1]: *** [cmTC_99b76] Error 1
make[1]: Leaving directory '/mnt/d/Projects/study/C++/NSU/task2/CMakeFiles/CMakeTmp'
Makefile:126: recipe for target 'cmTC_99b76/fast' failed
make: *** [cmTC_99b76/fast] Error 2


